2014-10-22 18:20:48,953:	Loading config...
2014-10-22 18:20:48,958:	Memory hierarchy built.
2014-10-22 18:20:48,958:	Loading tracefile...
2014-10-22 18:20:48,959:	Simulation!
2014-10-22 18:20:48,959:	0041f7a0 R
2014-10-22 18:20:48,959:	hit_list: [True, False, False]	time: 1013
2014-10-22 18:20:48,959:	13f5e2c0 R
2014-10-22 18:20:48,959:	hit_list: [True, False, False]	time: 1013
2014-10-22 18:20:48,960:	05e78900 R
2014-10-22 18:20:48,960:	hit_list: [True, False, False]	time: 1013
2014-10-22 18:20:48,960:	004758a0 R
2014-10-22 18:20:48,960:	hit_list: [True, False, False]	time: 1013
2014-10-22 18:20:48,960:	31348900 W
2014-10-22 18:20:48,960:	hit_list: [False]	time: 1
2014-10-22 18:20:48,960:	004a30e0 R
2014-10-22 18:20:48,961:	hit_list: [True, False, False]	time: 1013
2014-10-22 18:20:48,961:	0700ff05 R
2014-10-22 18:20:48,961:	hit_list: [True, False, False]	time: 1013
2014-10-22 18:20:48,961:	0049e120 R
2014-10-22 18:20:48,961:	hit_list: [True, False, False]	time: 1013
2014-10-22 18:20:48,961:	004c25f8 R
2014-10-22 18:20:48,962:	hit_list: [True, False, False]	time: 1013
2014-10-22 18:20:48,962:	004c2600 R
2014-10-22 18:20:48,962:	hit_list: [True, False, False]	time: 1013
2014-10-22 18:20:48,962:	3305a5e0 W
2014-10-22 18:20:48,962:	hit_list: [False]	time: 1
2014-10-22 18:20:48,962:	05e06600 W
2014-10-22 18:20:48,963:	hit_list: [False]	time: 1
2014-10-22 18:20:48,963:	0044e4f8 R
2014-10-22 18:20:48,963:	hit_list: [True, False, False]	time: 1013
2014-10-22 18:20:48,963:	0044e500 R
2014-10-22 18:20:48,963:	hit_list: [True, False, False]	time: 1025
2014-10-22 18:20:48,963:	0044e520 R
2014-10-22 18:20:48,964:	hit_list: [True, False, False]	time: 1013
2014-10-22 18:20:48,964:	0700ff10 R
2014-10-22 18:20:48,964:	hit_list: [True, False, False]	time: 1013
2014-10-22 18:20:48,964:	2f6965a0 W
2014-10-22 18:20:48,964:	hit_list: [False]	time: 1
2014-10-22 18:20:48,964:	0044e5c0 R
2014-10-22 18:20:48,965:	hit_list: [True, False, False]	time: 1013
2014-10-22 18:20:48,965:	0044e5e0 R
2014-10-22 18:20:48,965:	hit_list: [True, False, False]	time: 1013
2014-10-22 18:20:48,965:	0044e621 R
2014-10-22 18:20:48,965:	hit_list: [True, False, False]	time: 1013
2014-10-22 18:20:48,965:	31dae640 W
2014-10-22 18:20:48,966:	hit_list: [False]	time: 1
2014-10-22 18:20:48,966:	00414f20 R
2014-10-22 18:20:48,966:	hit_list: [True, False, False]	time: 1013
2014-10-22 18:20:48,966:	05f7cf20 W
2014-10-22 18:20:48,966:	hit_list: [False]	time: 1
2014-10-22 18:20:48,967:	004bcfc0 R
2014-10-22 18:20:48,967:	hit_list: [True, False, False]	time: 1013
2014-10-22 18:20:48,967:	2774cfc0 W
2014-10-22 18:20:48,967:	hit_list: [False]	time: 1
2014-10-22 18:20:48,967:	004696a0 R
2014-10-22 18:20:48,967:	hit_list: [True, False, False]	time: 1025
2014-10-22 18:20:48,968:	00446460 R
2014-10-22 18:20:48,968:	hit_list: [True, False, False]	time: 1013
2014-10-22 18:20:48,968:	31f92120 W
2014-10-22 18:20:48,968:	hit_list: [False]	time: 1
2014-10-22 18:20:48,968:	00496ec0 R
2014-10-22 18:20:48,968:	hit_list: [True, False, False]	time: 1013
2014-10-22 18:20:48,969:	004a0c00 R
2014-10-22 18:20:48,969:	hit_list: [True, False, False]	time: 1013
2014-10-22 18:20:48,969:	0049d640 R
2014-10-22 18:20:48,969:	hit_list: [True, False, False]	time: 1025
2014-10-22 18:20:48,969:	004f3df0 R
2014-10-22 18:20:48,969:	hit_list: [True, False, False]	time: 1013
2014-10-22 18:20:48,970:	0700ff10 R
2014-10-22 18:20:48,970:	hit_list: [True]	time: 1
2014-10-22 18:20:48,970:	3d729820 W
2014-10-22 18:20:48,970:	hit_list: [False]	time: 1
2014-10-22 18:20:48,970:	00496fb0 R
2014-10-22 18:20:48,971:	hit_list: [True, False, False]	time: 1013
2014-10-22 18:20:48,971:	00496fc0 R
2014-10-22 18:20:48,971:	hit_list: [True, False, False]	time: 1013
2014-10-22 18:20:48,971:	21dd6fc0 W
2014-10-22 18:20:48,971:	hit_list: [False, False]	time: 13
2014-10-22 18:20:48,971:	004a9860 R
2014-10-22 18:20:48,972:	hit_list: [True, False, False]	time: 1013
2014-10-22 18:20:48,972:	004aa4d8 R
2014-10-22 18:20:48,972:	hit_list: [True, False, False]	time: 1013
2014-10-22 18:20:48,972:	004aa4e0 R
2014-10-22 18:20:48,972:	hit_list: [True, False, False]	time: 1025
2014-10-22 18:20:48,972:	004bd000 R
2014-10-22 18:20:48,973:	hit_list: [True, False, False]	time: 1013
2014-10-22 18:20:48,973:	044b71e0 R
2014-10-22 18:20:48,973:	hit_list: [True, False, False]	time: 1013
2014-10-22 18:20:48,973:	0700ff10 R
2014-10-22 18:20:48,973:	hit_list: [True]	time: 1
2014-10-22 18:20:48,973:	04497780 R
2014-10-22 18:20:48,974:	hit_list: [True, False, False]	time: 2025
2014-10-22 18:20:48,974:	004977a0 R
2014-10-22 18:20:48,974:	hit_list: [True, False, False]	time: 1025
2014-10-22 18:20:48,974:	12151660 R
2014-10-22 18:20:48,974:	hit_list: [True, False, False]	time: 1013
2014-10-22 18:20:48,974:	004b3a80 R
2014-10-22 18:20:48,975:	hit_list: [True, False, False]	time: 1013
2014-10-22 18:20:48,975:	05e9ba80 W
2014-10-22 18:20:48,975:	hit_list: [False]	time: 1
2014-10-22 18:20:48,975:	31602880 W
2014-10-22 18:20:48,975:	hit_list: [False]	time: 1
2014-10-22 18:20:48,975:	004b39c0 R
2014-10-22 18:20:48,976:	hit_list: [True, False, False]	time: 1013
2014-10-22 18:20:48,976:	33b1b9c0 W
2014-10-22 18:20:48,976:	hit_list: [False]	time: 1
2014-10-22 18:20:48,976:	004b0ba0 R
2014-10-22 18:20:48,976:	hit_list: [True, False, False]	time: 1013
2014-10-22 18:20:48,976:	004953b0 R
2014-10-22 18:20:48,977:	hit_list: [True, False, False]	time: 1013
2014-10-22 18:20:48,977:	004bd080 R
2014-10-22 18:20:48,977:	hit_list: [True, False, False]	time: 1013
2014-10-22 18:20:48,977:	0785d080 W
2014-10-22 18:20:48,977:	hit_list: [False]	time: 1
2014-10-22 18:20:48,977:	05ae74a2 W
2014-10-22 18:20:48,978:	hit_list: [False, False]	time: 13
2014-10-22 18:20:48,978:	004b3900 R
2014-10-22 18:20:48,978:	hit_list: [True, False, False]	time: 1025
2014-10-22 18:20:48,978:	32f53900 W
2014-10-22 18:20:48,978:	hit_list: [False, False]	time: 13
2014-10-22 18:20:48,978:	00497738 R
2014-10-22 18:20:48,979:	hit_list: [True, False, False]	time: 1013
2014-10-22 18:20:48,979:	31a2f720 W
2014-10-22 18:20:48,979:	hit_list: [False, False]	time: 13
2014-10-22 18:20:48,979:	00497740 R
2014-10-22 18:20:48,979:	hit_list: [True, False, False]	time: 1013
2014-10-22 18:20:48,979:	3a34f740 W
2014-10-22 18:20:48,979:	hit_list: [False, False]	time: 13
2014-10-22 18:20:48,980:	07967018 R
2014-10-22 18:20:48,980:	hit_list: [True, False, False]	time: 1013
2014-10-22 18:20:48,980:	07967d00 R
2014-10-22 18:20:48,980:	hit_list: [True, False, False]	time: 1013
2014-10-22 18:20:48,980:	303f18c3 W
2014-10-22 18:20:48,980:	hit_list: [False]	time: 1
2014-10-22 18:20:48,981:	08848548 R
2014-10-22 18:20:48,981:	hit_list: [True, False, False]	time: 1025
2014-10-22 18:20:48,981:	08848560 R
2014-10-22 18:20:48,981:	hit_list: [True, False, False]	time: 1013
2014-10-22 18:20:48,981:	0702ff10 R
2014-10-22 18:20:48,981:	hit_list: [True, False, False]	time: 1013
2014-10-22 18:20:48,982:	088487e0 R
2014-10-22 18:20:48,982:	hit_list: [True, False, False]	time: 1013
2014-10-22 18:20:48,982:	088c1a20 R
2014-10-22 18:20:48,982:	hit_list: [True, False, False]	time: 1013
2014-10-22 18:20:48,982:	088c1a60 R
2014-10-22 18:20:48,983:	hit_list: [True, False, False]	time: 1013
2014-10-22 18:20:48,983:	06379a60 W
2014-10-22 18:20:48,983:	hit_list: [False]	time: 1
2014-10-22 18:20:48,983:	088c1aa0 R
2014-10-22 18:20:48,983:	hit_list: [True, False, False]	time: 2013
2014-10-22 18:20:48,983:	088c1ac0 R
2014-10-22 18:20:48,984:	hit_list: [True, False, False]	time: 2013
2014-10-22 18:20:48,984:	0f8cfef0 R
2014-10-22 18:20:48,984:	hit_list: [True, False, False]	time: 1013
2014-10-22 18:20:48,984:	303f1ae0 W
2014-10-22 18:20:48,984:	hit_list: [False]	time: 1
2014-10-22 18:20:48,984:	079911b0 R
2014-10-22 18:20:48,985:	hit_list: [True, False, False]	time: 1013
2014-10-22 18:20:48,985:	30b111a0 W
2014-10-22 18:20:48,985:	hit_list: [False, False]	time: 13
2014-10-22 18:20:48,985:	079911c0 R
2014-10-22 18:20:48,985:	hit_list: [True, False, False]	time: 1025
2014-10-22 18:20:48,985:	00470888 R
2014-10-22 18:20:48,986:	hit_list: [True, False, False]	time: 1025
2014-10-22 18:20:48,986:	31b10880 W
2014-10-22 18:20:48,986:	hit_list: [False]	time: 1
2014-10-22 18:20:48,986:	00497920 R
2014-10-22 18:20:48,986:	hit_list: [True, False, False]	time: 3025
2014-10-22 18:20:48,987:	00497940 R
2014-10-22 18:20:48,987:	hit_list: [True, False, False]	time: 3025
2014-10-22 18:20:48,987:	31a2f940 W
2014-10-22 18:20:48,987:	hit_list: [False]	time: 1
2014-10-22 18:20:48,987:	00497960 R
2014-10-22 18:20:48,988:	hit_list: [True, False, False]	time: 1013
2014-10-22 18:20:48,988:	00497980 R
2014-10-22 18:20:48,988:	hit_list: [True, False, False]	time: 2025
2014-10-22 18:20:48,988:	31187980 W
2014-10-22 18:20:48,988:	hit_list: [False]	time: 1
2014-10-22 18:20:48,988:	004979a0 R
2014-10-22 18:20:48,989:	hit_list: [True, False, False]	time: 1013
2014-10-22 18:20:48,989:	26c1f9a0 W
2014-10-22 18:20:48,989:	hit_list: [False]	time: 1
2014-10-22 18:20:48,989:	3272c040 W
2014-10-22 18:20:48,989:	hit_list: [False]	time: 1
2014-10-22 18:20:48,989:	33b1b960 W
2014-10-22 18:20:48,990:	hit_list: [False]	time: 1
2014-10-22 18:20:48,990:	004b3980 R
2014-10-22 18:20:48,990:	hit_list: [True, False, False]	time: 2013
2014-10-22 18:20:48,990:	004979c0 R
2014-10-22 18:20:48,990:	hit_list: [True, False, False]	time: 2013
2014-10-22 18:20:48,990:	004979e0 R
2014-10-22 18:20:48,991:	hit_list: [True, False, False]	time: 1025
2014-10-22 18:20:48,991:	00497a00 R
2014-10-22 18:20:48,991:	hit_list: [True, False, False]	time: 2025
2014-10-22 18:20:48,991:	00497a40 R
2014-10-22 18:20:48,991:	hit_list: [True, False, False]	time: 1013
2014-10-22 18:20:48,991:	0700ff40 W
2014-10-22 18:20:48,992:	hit_list: [False, False]	time: 13
2014-10-22 18:20:48,992:	198857a5 W
2014-10-22 18:20:48,992:	hit_list: [False, False]	time: 13
2014-10-22 18:20:48,992:	0048d7a0 R
2014-10-22 18:20:48,992:	hit_list: [True, False, False]	time: 1013
2014-10-22 18:20:48,992:	0048d7c0 R
2014-10-22 18:20:48,993:	hit_list: [True, False, False]	time: 2025
2014-10-22 18:20:48,993:	0703ff1d R
2014-10-22 18:20:48,993:	hit_list: [True, False, False]	time: 1013
2014-10-22 18:20:48,993:	32594380 W
2014-10-22 18:20:48,993:	hit_list: [False]	time: 1
2014-10-22 18:20:48,993:	00497a80 R
2014-10-22 18:20:48,994:	hit_list: [True, False, False]	time: 2025
2014-10-22 18:20:48,994:	0700ff10 R
2014-10-22 18:20:48,994:	hit_list: [True]	time: 1
2014-10-22 18:20:48,994:	0749ffd0 R
2014-10-22 18:20:48,994:	hit_list: [True, False, False]	time: 1013
2014-10-22 18:20:48,994:	00497ae0 R
2014-10-22 18:20:48,995:	hit_list: [True, False, False]	time: 2025
2014-10-22 18:20:48,995:	32dcfae0 W
2014-10-22 18:20:48,995:	hit_list: [False]	time: 1
2014-10-22 18:20:48,995:	004af5f0 R
2014-10-22 18:20:48,995:	hit_list: [True, False, False]	time: 1013
2014-10-22 18:20:48,995:	004af600 R
2014-10-22 18:20:48,996:	hit_list: [True, False, False]	time: 1013
2014-10-22 18:20:48,996:	0cac7600 W
2014-10-22 18:20:48,996:	hit_list: [False]	time: 1
2014-10-22 18:20:48,996:	004af620 R
2014-10-22 18:20:48,996:	hit_list: [True, False, False]	time: 2013
2014-10-22 18:20:48,996:	32dcf620 W
2014-10-22 18:20:48,997:	hit_list: [True, False, False]	time: 1013
2014-10-22 18:20:48,997:	004af640 R
2014-10-22 18:20:48,997:	hit_list: [True, False, False]	time: 1013
2014-10-22 18:20:48,997:	004af660 R
2014-10-22 18:20:48,997:	hit_list: [True, False, False]	time: 1025
2014-10-22 18:20:48,998:	004af680 R
2014-10-22 18:20:48,998:	hit_list: [True, False, False]	time: 2025
2014-10-22 18:20:48,998:	074afeb0 R
2014-10-22 18:20:48,998:	hit_list: [True, False, False]	time: 1013
2014-10-22 18:20:48,998:	00495558 R
2014-10-22 18:20:48,998:	hit_list: [True, False, False]	time: 1013
2014-10-22 18:20:48,999:	00495560 R
2014-10-22 18:20:48,999:	hit_list: [True, False, False]	time: 1013
2014-10-22 18:20:48,999:	19885560 W
2014-10-22 18:20:48,999:	hit_list: [False]	time: 1
2014-10-22 18:20:48,999:	00495580 R
2014-10-22 18:20:48,999:	hit_list: [True, False, False]	time: 2013
2014-10-22 18:20:48,999:	004955a0 R
2014-10-22 18:20:49,000:	hit_list: [True, False, False]	time: 2025
2014-10-22 18:20:49,000:	004181d8 R
2014-10-22 18:20:49,000:	hit_list: [True, False, False]	time: 1013
2014-10-22 18:20:49,000:	00418200 R
2014-10-22 18:20:49,000:	hit_list: [True, False, False]	time: 1013
2014-10-22 18:20:49,000:	0741ce20 R
2014-10-22 18:20:49,001:	hit_list: [True, False, False]	time: 1013
2014-10-22 18:20:49,001:	00418240 R
2014-10-22 18:20:49,001:	hit_list: [True, False, False]	time: 1013
2014-10-22 18:20:49,001:	314b02a0 W
2014-10-22 18:20:49,001:	hit_list: [False]	time: 1
2014-10-22 18:20:49,001:	004182e0 R
2014-10-22 18:20:49,002:	hit_list: [True, False, False]	time: 1025
2014-10-22 18:20:49,002:	00418260 R
2014-10-22 18:20:49,002:	hit_list: [True, False, False]	time: 2013
2014-10-22 18:20:49,002:	31a50260 W
2014-10-22 18:20:49,002:	hit_list: [False]	time: 1
2014-10-22 18:20:49,002:	05e7e2d0 R
2014-10-22 18:20:49,003:	hit_list: [True, False, False]	time: 1013
2014-10-22 18:20:49,003:	00472a08 R
2014-10-22 18:20:49,003:	hit_list: [True, False, False]	time: 2025
2014-10-22 18:20:49,003:	2ff72a00 W
2014-10-22 18:20:49,003:	hit_list: [False]	time: 1
2014-10-22 18:20:49,003:	00466fa8 R
2014-10-22 18:20:49,004:	hit_list: [True, False, False]	time: 1025
2014-10-22 18:20:49,004:	00467000 R
2014-10-22 18:20:49,004:	hit_list: [True, False, False]	time: 1013
2014-10-22 18:20:49,004:	00467020 R
2014-10-22 18:20:49,004:	hit_list: [True, False, False]	time: 2013
2014-10-22 18:20:49,004:	05ae76c8 R
2014-10-22 18:20:49,005:	hit_list: [True, False, False]	time: 2025
2014-10-22 18:20:49,005:	00467180 R
2014-10-22 18:20:49,005:	hit_list: [True, False, False]	time: 1013
2014-10-22 18:20:49,005:	004671a0 R
2014-10-22 18:20:49,005:	hit_list: [True, False, False]	time: 2013
2014-10-22 18:20:49,005:	05afc668 R
2014-10-22 18:20:49,006:	hit_list: [True, False, False]	time: 2025
2014-10-22 18:20:49,006:	2574c660 W
2014-10-22 18:20:49,006:	hit_list: [False]	time: 1
2014-10-22 18:20:49,006:	05ae76e1 R
2014-10-22 18:20:49,006:	hit_list: [True, False, False]	time: 2013
2014-10-22 18:20:49,006:	05ae7700 R
2014-10-22 18:20:49,006:	hit_list: [True, False, False]	time: 1013
2014-10-22 18:20:49,007:	00418280 R
2014-10-22 18:20:49,007:	hit_list: [True, False, False]	time: 3025
2014-10-22 18:20:49,007:	00452150 R
2014-10-22 18:20:49,007:	hit_list: [True, False, False]	time: 1013
2014-10-22 18:20:49,007:	00452160 R
2014-10-22 18:20:49,007:	hit_list: [True, False, False]	time: 1025
2014-10-22 18:20:49,008:	06342140 W
2014-10-22 18:20:49,008:	hit_list: [False]	time: 1
2014-10-22 18:20:49,008:	3305a160 W
2014-10-22 18:20:49,008:	hit_list: [False]	time: 1
2014-10-22 18:20:49,008:	00452180 R
2014-10-22 18:20:49,008:	hit_list: [True, False, False]	time: 1013
2014-10-22 18:20:49,009:	004521a0 R
2014-10-22 18:20:49,009:	hit_list: [True, False, False]	time: 2025
2014-10-22 18:20:49,009:	004521c0 R
2014-10-22 18:20:49,009:	hit_list: [True, False, False]	time: 2013
2014-10-22 18:20:49,009:	316021e0 W
2014-10-22 18:20:49,009:	hit_list: [True, False, False]	time: 1013
2014-10-22 18:20:49,010:	0701ff10 R
2014-10-22 18:20:49,010:	hit_list: [True, False, False]	time: 1013
2014-10-22 18:20:49,010:	00452220 R
2014-10-22 18:20:49,010:	hit_list: [True, False, False]	time: 1013
2014-10-22 18:20:49,010:	31f92220 W
2014-10-22 18:20:49,010:	hit_list: [False]	time: 1
2014-10-22 18:20:49,010:	00452260 R
2014-10-22 18:20:49,011:	hit_list: [True, False, False]	time: 1013
2014-10-22 18:20:49,011:	00452280 R
2014-10-22 18:20:49,011:	hit_list: [True, False, False]	time: 1013
2014-10-22 18:20:49,011:	0703ff18 R
2014-10-22 18:20:49,011:	hit_list: [True]	time: 1
2014-10-22 18:20:49,011:	2574cc80 W
2014-10-22 18:20:49,012:	hit_list: [False]	time: 1
2014-10-22 18:20:49,012:	004955e0 R
2014-10-22 18:20:49,012:	hit_list: [True, False, False]	time: 1013
2014-10-22 18:20:49,012:	004af6c0 R
2014-10-22 18:20:49,012:	hit_list: [True, False, False]	time: 1013
2014-10-22 18:20:49,012:	0049ca20 R
2014-10-22 18:20:49,013:	hit_list: [True, False, False]	time: 1013
2014-10-22 18:20:49,013:	0745fe20 W
2014-10-22 18:20:49,013:	hit_list: [False]	time: 1
2014-10-22 18:20:49,013:	0049ca40 R
2014-10-22 18:20:49,013:	hit_list: [True, False, False]	time: 2013
2014-10-22 18:20:49,013:	0703ff10 R
2014-10-22 18:20:49,013:	hit_list: [True]	time: 1
2014-10-22 18:20:49,014:	303f1620 W
2014-10-22 18:20:49,014:	hit_list: [False]	time: 1
2014-10-22 18:20:49,014:	31a2f1e0 W
2014-10-22 18:20:49,014:	hit_list: [False, False]	time: 13
2014-10-22 18:20:49,014:	11d5f200 R
2014-10-22 18:20:49,014:	hit_list: [True, False, False]	time: 1013
2014-10-22 18:20:49,015:	121dd6c0 R
2014-10-22 18:20:49,015:	hit_list: [True, False, False]	time: 1025
2014-10-22 18:20:49,015:	121ddfa0 R
2014-10-22 18:20:49,015:	hit_list: [True, False, False]	time: 2025
2014-10-22 18:20:49,015:	0608dfa0 W
2014-10-22 18:20:49,015:	hit_list: [False]	time: 1
2014-10-22 18:20:49,016:	121ddfe0 R
2014-10-22 18:20:49,016:	hit_list: [True, False, False]	time: 2025
2014-10-22 18:20:49,016:	30afdfe0 W
2014-10-22 18:20:49,016:	hit_list: [False]	time: 1
2014-10-22 18:20:49,016:	11f5e000 R
2014-10-22 18:20:49,016:	hit_list: [True, False, False]	time: 1013
2014-10-22 18:20:49,016:	11f5e020 R
2014-10-22 18:20:49,017:	hit_list: [True, False, False]	time: 1025
2014-10-22 18:20:49,017:	13f5e040 R
2014-10-22 18:20:49,017:	hit_list: [True, False, False]	time: 1013
2014-10-22 18:20:49,017:	121ddf00 R
2014-10-22 18:20:49,017:	hit_list: [True, False, False]	time: 1013
2014-10-22 18:20:49,017:	121ddf20 R
2014-10-22 18:20:49,018:	hit_list: [True, False, False]	time: 2025
2014-10-22 18:20:49,018:	121ddf40 R
2014-10-22 18:20:49,018:	hit_list: [True, False, False]	time: 2013
2014-10-22 18:20:49,018:	121ddf60 R
2014-10-22 18:20:49,018:	hit_list: [True, False, False]	time: 2013
2014-10-22 18:20:49,018:	121ddf80 R
2014-10-22 18:20:49,019:	hit_list: [True, False, False]	time: 1025
2014-10-22 18:20:49,019:	171ddf08 R
2014-10-22 18:20:49,019:	hit_list: [True, False, False]	time: 2013
2014-10-22 18:20:49,019:	00420ce8 R
2014-10-22 18:20:49,019:	hit_list: [True, False, False]	time: 1025
2014-10-22 18:20:49,019:	062f0ce0 W
2014-10-22 18:20:49,020:	hit_list: [False]	time: 1
2014-10-22 18:20:49,020:	314b0d20 W
2014-10-22 18:20:49,020:	hit_list: [False]	time: 1
2014-10-22 18:20:49,020:	00420d40 R
2014-10-22 18:20:49,020:	hit_list: [True, False, False]	time: 1013
2014-10-22 18:20:49,020:	27a5fd40 W
2014-10-22 18:20:49,021:	hit_list: [False]	time: 1
2014-10-22 18:20:49,021:	0041e9c8 R
2014-10-22 18:20:49,021:	hit_list: [True, False, False]	time: 1013
2014-10-22 18:20:49,021:	0041e9e0 R
2014-10-22 18:20:49,021:	hit_list: [True, False, False]	time: 2025
2014-10-22 18:20:49,021:	27fb69e0 W
2014-10-22 18:20:49,022:	hit_list: [False]	time: 1
2014-10-22 18:20:49,022:	0041ea00 R
2014-10-22 18:20:49,022:	hit_list: [True, False, False]	time: 1013
2014-10-22 18:20:49,022:	27fb6a00 W
2014-10-22 18:20:49,022:	hit_list: [False]	time: 1
2014-10-22 18:20:49,022:	00420d60 R
2014-10-22 18:20:49,023:	hit_list: [True, False, False]	time: 2013
2014-10-22 18:20:49,023:	00420d80 R
2014-10-22 18:20:49,023:	hit_list: [True, False, False]	time: 1013
2014-10-22 18:20:49,023:	31348d60 W
2014-10-22 18:20:49,023:	hit_list: [True, False, False]	time: 1013
2014-10-22 18:20:49,024:	0700ff10 R
2014-10-22 18:20:49,024:	hit_list: [True, False, False]	time: 1013
2014-10-22 18:20:49,024:	258c62e0 W
2014-10-22 18:20:49,024:	hit_list: [False]	time: 1
2014-10-22 18:20:49,024:	0042e300 R
2014-10-22 18:20:49,024:	hit_list: [True, False, False]	time: 1013
2014-10-22 18:20:49,025:	05b99b60 R
2014-10-22 18:20:49,025:	hit_list: [True, False, False]	time: 1025
2014-10-22 18:20:49,025:	05b99b50 R
2014-10-22 18:20:49,025:	hit_list: [True, False, False]	time: 1013
2014-10-22 18:20:49,025:	0042e320 R
2014-10-22 18:20:49,026:	hit_list: [True, False, False]	time: 2025
2014-10-22 18:20:49,026:	00402500 R
2014-10-22 18:20:49,026:	hit_list: [True, False, False]	time: 1013
2014-10-22 18:20:49,026:	0042e340 R
2014-10-22 18:20:49,026:	hit_list: [True, False, False]	time: 2013
2014-10-22 18:20:49,026:	2f696340 W
2014-10-22 18:20:49,027:	hit_list: [False]	time: 1
2014-10-22 18:20:49,027:	00420bc0 R
2014-10-22 18:20:49,027:	hit_list: [True, False, False]	time: 1025
2014-10-22 18:20:49,027:	00420be0 R
2014-10-22 18:20:49,027:	hit_list: [True, False, False]	time: 1013
2014-10-22 18:20:49,027:	00420c00 R
2014-10-22 18:20:49,028:	hit_list: [True, False, False]	time: 1025
2014-10-22 18:20:49,028:	121dd630 R
2014-10-22 18:20:49,028:	hit_list: [True, False, False]	time: 1013
2014-10-22 18:20:49,028:	11f5e060 R
2014-10-22 18:20:49,028:	hit_list: [True, False, False]	time: 2025
2014-10-22 18:20:49,029:	11f5e160 R
2014-10-22 18:20:49,029:	hit_list: [True, False, False]	time: 2025
2014-10-22 18:20:49,029:	31f7e140 W
2014-10-22 18:20:49,029:	hit_list: [False]	time: 1
2014-10-22 18:20:49,029:	17f5e580 R
2014-10-22 18:20:49,029:	hit_list: [True, False, False]	time: 1013
2014-10-22 18:20:49,029:	11f5e1a0 R
2014-10-22 18:20:49,030:	hit_list: [True, False, False]	time: 1013
2014-10-22 18:20:49,030:	11d5f0d8 R
2014-10-22 18:20:49,030:	hit_list: [True, False, False]	time: 1013
2014-10-22 18:20:49,030:	11f5e080 R
2014-10-22 18:20:49,030:	hit_list: [True, False, False]	time: 2013
2014-10-22 18:20:49,031:	11f5e0a0 R
2014-10-22 18:20:49,031:	hit_list: [True, False, False]	time: 2013
2014-10-22 18:20:49,031:	2f6962e1 W
2014-10-22 18:20:49,031:	hit_list: [False]	time: 1
2014-10-22 18:20:49,031:	11f5e300 R
2014-10-22 18:20:49,031:	hit_list: [True, False, False]	time: 1013
2014-10-22 18:20:49,031:	00400740 R
2014-10-22 18:20:49,032:	hit_list: [True, False, False]	time: 1013
2014-10-22 18:20:49,032:	00400760 R
2014-10-22 18:20:49,032:	hit_list: [True, False, False]	time: 1013
2014-10-22 18:20:49,032:	00400780 R
2014-10-22 18:20:49,032:	hit_list: [True, False, False]	time: 1013
2014-10-22 18:20:49,032:	13f5e0c0 R
2014-10-22 18:20:49,033:	hit_list: [True, False, False]	time: 1025
2014-10-22 18:20:49,033:	11f5e120 R
2014-10-22 18:20:49,033:	hit_list: [True, False, False]	time: 1025
2014-10-22 18:20:49,033:	2f6960e0 W
2014-10-22 18:20:49,033:	hit_list: [False]	time: 1
2014-10-22 18:20:49,033:	17f5ed10 R
2014-10-22 18:20:49,034:	hit_list: [True, False, False]	time: 1013
2014-10-22 18:20:49,034:	003fe120 W
2014-10-22 18:20:49,034:	hit_list: [False]	time: 1
2014-10-22 18:20:49,034:	31c68780 W
2014-10-22 18:20:49,034:	hit_list: [False]	time: 1
2014-10-22 18:20:49,034:	26c1fae0 W
2014-10-22 18:20:49,034:	hit_list: [False]	time: 1
2014-10-22 18:20:49,035:	26c1fb00 W
2014-10-22 18:20:49,035:	hit_list: [False]	time: 1
2014-10-22 18:20:49,035:	3259efa0 W
2014-10-22 18:20:49,035:	hit_list: [False]	time: 1
2014-10-22 18:20:49,035:	0047efa0 W
2014-10-22 18:20:49,035:	hit_list: [False]	time: 1
2014-10-22 18:20:49,036:	066b8000 W
2014-10-22 18:20:49,036:	hit_list: [False]	time: 1
2014-10-22 18:20:49,036:	31ca0000 W
2014-10-22 18:20:49,036:	hit_list: [False]	time: 1
2014-10-22 18:20:49,036:	32098020 W
2014-10-22 18:20:49,036:	hit_list: [False]	time: 1
2014-10-22 18:20:49,037:	320980a0 W
2014-10-22 18:20:49,037:	hit_list: [True, False, False]	time: 1013
2014-10-22 18:20:49,037:	0041ff80 W
2014-10-22 18:20:49,037:	hit_list: [False, False]	time: 13
2014-10-22 18:20:49,037:	314b00c0 W
2014-10-22 18:20:49,037:	hit_list: [False]	time: 1
2014-10-22 18:20:49,038:	320980e0 W
2014-10-22 18:20:49,038:	hit_list: [True, False, False]	time: 1013
2014-10-22 18:20:49,038:	31c68160 W
2014-10-22 18:20:49,038:	hit_list: [False]	time: 1
2014-10-22 18:20:49,038:	31a50280 W
2014-10-22 18:20:49,038:	hit_list: [False, False]	time: 13
2014-10-22 18:20:49,039:	314b02c0 W
2014-10-22 18:20:49,039:	hit_list: [False, False]	time: 13
2014-10-22 18:20:49,039:	314b02e0 W
2014-10-22 18:20:49,039:	hit_list: [True, False, False]	time: 1013
2014-10-22 18:20:49,039:	314b0340 W
2014-10-22 18:20:49,039:	hit_list: [False]	time: 1
2014-10-22 18:20:49,040:	314b0360 W
2014-10-22 18:20:49,040:	hit_list: [False, False]	time: 13
2014-10-22 18:20:49,040:	2e3c8380 W
2014-10-22 18:20:49,040:	hit_list: [True, False, False]	time: 1013
2014-10-22 18:20:49,040:	314b0380 W
2014-10-22 18:20:49,040:	hit_list: [False, False]	time: 13
2014-10-22 18:20:49,041:	231383a0 W
2014-10-22 18:20:49,041:	hit_list: [False, False]	time: 13
2014-10-22 18:20:49,041:	314bffc0 W
2014-10-22 18:20:49,041:	hit_list: [False]	time: 1
2014-10-22 18:20:49,041:	06bb83e0 W
2014-10-22 18:20:49,041:	hit_list: [True, False, False]	time: 1013
2014-10-22 18:20:49,041:	2414ffc0 W
2014-10-22 18:20:49,042:	hit_list: [False, False]	time: 13
2014-10-22 18:20:49,042:	23138420 W
2014-10-22 18:20:49,042:	hit_list: [True, False, False]	time: 1013
2014-10-22 18:20:49,042:	31a50420 W
2014-10-22 18:20:49,042:	hit_list: [False, False]	time: 13
2014-10-22 18:20:49,042:	32098480 W
2014-10-22 18:20:49,043:	hit_list: [False, False]	time: 13
2014-10-22 18:20:49,043:	31a504c0 W
2014-10-22 18:20:49,043:	hit_list: [False, False]	time: 13
2014-10-22 18:20:49,043:	2001ff00 W
2014-10-22 18:20:49,043:	hit_list: [False, False]	time: 13
2014-10-22 18:20:49,043:	314b0520 W
2014-10-22 18:20:49,044:	hit_list: [False, False]	time: 13
2014-10-22 18:20:49,044:	314b0540 W
2014-10-22 18:20:49,044:	hit_list: [True, False, False]	time: 1013
2014-10-22 18:20:49,044:	31c68560 W
2014-10-22 18:20:49,044:	hit_list: [True, False, False]	time: 1013
2014-10-22 18:20:49,044:	31c68580 W
2014-10-22 18:20:49,045:	hit_list: [False, False]	time: 13
2014-10-22 18:20:49,045:	32098580 W
2014-10-22 18:20:49,045:	hit_list: [True, False, False]	time: 1013
2014-10-22 18:20:49,045:	2313cd60 W
2014-10-22 18:20:49,045:	hit_list: [True, False, False]	time: 1013
2014-10-22 18:20:49,045:	314b05c0 W
2014-10-22 18:20:49,046:	hit_list: [False, False]	time: 13
2014-10-22 18:20:49,046:	314b0600 W
2014-10-22 18:20:49,046:	hit_list: [True, False, False]	time: 1013
2014-10-22 18:20:49,046:	05b00620 W
2014-10-22 18:20:49,046:	hit_list: [False, False]	time: 13
2014-10-22 18:20:49,046:	31c68640 W
2014-10-22 18:20:49,047:	hit_list: [False, False]	time: 13
2014-10-22 18:20:49,047:	31a50660 W
2014-10-22 18:20:49,047:	hit_list: [False, False]	time: 13
2014-10-22 18:20:49,047:	314b0680 W
2014-10-22 18:20:49,047:	hit_list: [False, False]	time: 13
2014-10-22 18:20:49,047:	31b10660 W
2014-10-22 18:20:49,048:	hit_list: [True, False, False]	time: 1013
2014-10-22 18:20:49,048:	05b006a0 W
2014-10-22 18:20:49,048:	hit_list: [False, False]	time: 13
2014-10-22 18:20:49,048:	314b06a0 W
2014-10-22 18:20:49,048:	hit_list: [True, False, False]	time: 1013
2014-10-22 18:20:49,048:	31b10700 W
2014-10-22 18:20:49,048:	hit_list: [True, False, False]	time: 1013
2014-10-22 18:20:49,049:	314b0740 W
2014-10-22 18:20:49,049:	hit_list: [True, False, False]	time: 1013
2014-10-22 18:20:49,049:	314b0760 W
2014-10-22 18:20:49,049:	hit_list: [False, False]	time: 13
2014-10-22 18:20:49,049:	31b10740 W
2014-10-22 18:20:49,049:	hit_list: [False, False]	time: 13
2014-10-22 18:20:49,050:	31308760 W
2014-10-22 18:20:49,050:	hit_list: [False, False]	time: 13
2014-10-22 18:20:49,050:	31b107a0 W
2014-10-22 18:20:49,050:	hit_list: [True, False, False]	time: 1013
2014-10-22 18:20:49,050:	31b107c0 W
2014-10-22 18:20:49,050:	hit_list: [True, False, False]	time: 1013
2014-10-22 18:20:49,051:	31b10800 W
2014-10-22 18:20:49,051:	hit_list: [True, False, False]	time: 1013
2014-10-22 18:20:49,051:	31b10820 W
2014-10-22 18:20:49,051:	hit_list: [True, False, False]	time: 1013
2014-10-22 18:20:49,051:	31a508a0 W
2014-10-22 18:20:49,051:	hit_list: [True, False, False]	time: 1013
2014-10-22 18:20:49,052:	31c688c0 W
2014-10-22 18:20:49,052:	hit_list: [True, False, False]	time: 1013
2014-10-22 18:20:49,052:	05e788e0 W
2014-10-22 18:20:49,052:	hit_list: [True, False, False]	time: 1013
2014-10-22 18:20:49,052:	31b10900 W
2014-10-22 18:20:49,053:	hit_list: [True, False, False]	time: 1013
2014-10-22 18:20:49,053:	23138900 W
2014-10-22 18:20:49,053:	hit_list: [True, False, False]	time: 1013
2014-10-22 18:20:49,053:	05e78940 W
2014-10-22 18:20:49,053:	hit_list: [True, False, False]	time: 1013
2014-10-22 18:20:49,053:	314b0960 W
2014-10-22 18:20:49,054:	hit_list: [True, False, False]	time: 1013
2014-10-22 18:20:49,054:	31b10980 W
2014-10-22 18:20:49,054:	hit_list: [True, False, False]	time: 1013
2014-10-22 18:20:49,054:	314b09a0 W
2014-10-22 18:20:49,054:	hit_list: [True, False, False]	time: 1013
2014-10-22 18:20:49,054:	31a509c0 W
2014-10-22 18:20:49,055:	hit_list: [True, False, False]	time: 1013
2014-10-22 18:20:49,055:	31b109c0 W
2014-10-22 18:20:49,055:	hit_list: [True, False, False]	time: 1013
2014-10-22 18:20:49,055:	314bce00 W
2014-10-22 18:20:49,055:	hit_list: [True, False, False]	time: 1013
2014-10-22 18:20:49,056:	31b109e0 W
2014-10-22 18:20:49,056:	hit_list: [True, False, False]	time: 1013
2014-10-22 18:20:49,056:	31b10a00 W
2014-10-22 18:20:49,056:	hit_list: [True, False, False]	time: 1013
2014-10-22 18:20:49,056:	231389e0 W
2014-10-22 18:20:49,056:	hit_list: [True, False, False]	time: 1013
2014-10-22 18:20:49,057:	31a50a20 W
2014-10-22 18:20:49,057:	hit_list: [True, False, False]	time: 1013
2014-10-22 18:20:49,057:	31a50a40 W
2014-10-22 18:20:49,057:	hit_list: [True, False, False]	time: 1013
2014-10-22 18:20:49,057:	00470a20 W
2014-10-22 18:20:49,058:	hit_list: [True, False, False]	time: 1013
2014-10-22 18:20:49,058:	06338ac0 W
2014-10-22 18:20:49,058:	hit_list: [True, False, False]	time: 1013
2014-10-22 18:20:49,058:	31a5fee0 W
2014-10-22 18:20:49,058:	hit_list: [True, False, False]	time: 1013
2014-10-22 18:20:49,058:	314b0ac0 W
2014-10-22 18:20:49,059:	hit_list: [True, False, False]	time: 1013
2014-10-22 18:20:49,059:	23138b00 W
2014-10-22 18:20:49,059:	hit_list: [True, False, False]	time: 1013
